<?xml version="1.0" encoding="UTF-8"?>
<testsuite xmlns:xsi="http://www.w3.org/2001/XMLSchema-instance" xsi:noNamespaceSchemaLocation="https://maven.apache.org/surefire/maven-surefire-plugin/xsd/surefire-test-report.xsd" name="com.egen.ordermanagement.RouteTest" time="1.676" tests="1" errors="0" skipped="0" failures="1">
  <properties>
[...]
</properties>
  <testcase name="checkPrimaryRoutes" classname="com.egen.ordermanagement.RouteTest" time="0.047">
    <failure message="Status expected:&lt;200&gt; but was:&lt;404&gt;" type="java.lang.AssertionError"><![CDATA[java.lang.AssertionError: Status expected:<200> but was:<404>
	at com.egen.ordermanagement.RouteTest.checkPrimaryRoutes(RouteTest.java:19)
]]></failure>
    <system-out><![CDATA[2021-06-22 14:15:30.389  INFO 29642 --- [           main] .b.t.c.SpringBootTestContextBootstrapper : Neither @ContextConfiguration nor @ContextHierarchy found for test class [com.egen.ordermanagement.RouteTest], using SpringBootContextLoader
2021-06-22 14:15:30.391  INFO 29642 --- [           main] o.s.t.c.support.AbstractContextLoader    : Could not detect default resource locations for test class [com.egen.ordermanagement.RouteTest]: no resource found for suffixes {-context.xml, Context.groovy}.
2021-06-22 14:15:30.391  INFO 29642 --- [           main] t.c.s.AnnotationConfigContextLoaderUtils : Could not detect default configuration classes for test class [com.egen.ordermanagement.RouteTest]: RouteTest does not declare any static, non-private, non-final, nested classes annotated with @Configuration.
2021-06-22 14:15:30.400  INFO 29642 --- [           main] .b.t.c.SpringBootTestContextBootstrapper : Found @SpringBootConfiguration com.egen.ordermanagement.OrderManagementApplication for test class com.egen.ordermanagement.RouteTest
2021-06-22 14:15:30.402  INFO 29642 --- [           main] .b.t.c.SpringBootTestContextBootstrapper : Loaded default TestExecutionListener class names from location [META-INF/spring.factories]: [org.springframework.boot.test.mock.mockito.MockitoTestExecutionListener, org.springframework.boot.test.mock.mockito.ResetMocksTestExecutionListener, org.springframework.boot.test.autoconfigure.restdocs.RestDocsTestExecutionListener, org.springframework.boot.test.autoconfigure.web.client.MockRestServiceServerResetTestExecutionListener, org.springframework.boot.test.autoconfigure.web.servlet.MockMvcPrintOnlyOnFailureTestExecutionListener, org.springframework.boot.test.autoconfigure.web.servlet.WebDriverTestExecutionListener, org.springframework.boot.test.autoconfigure.webservices.client.MockWebServiceServerTestExecutionListener, org.springframework.test.context.web.ServletTestExecutionListener, org.springframework.test.context.support.DirtiesContextBeforeModesTestExecutionListener, org.springframework.test.context.event.ApplicationEventsTestExecutionListener, org.springframework.test.context.support.DependencyInjectionTestExecutionListener, org.springframework.test.context.support.DirtiesContextTestExecutionListener, org.springframework.test.context.transaction.TransactionalTestExecutionListener, org.springframework.test.context.jdbc.SqlScriptsTestExecutionListener, org.springframework.test.context.event.EventPublishingTestExecutionListener]
2021-06-22 14:15:30.403  INFO 29642 --- [           main] .b.t.c.SpringBootTestContextBootstrapper : Using TestExecutionListeners: [org.springframework.test.context.web.ServletTestExecutionListener@634d3439, org.springframework.test.context.support.DirtiesContextBeforeModesTestExecutionListener@44e0c3d, org.springframework.test.context.event.ApplicationEventsTestExecutionListener@71891d6b, org.springframework.boot.test.mock.mockito.MockitoTestExecutionListener@5ce41f1f, org.springframework.boot.test.autoconfigure.SpringBootDependencyInjectionTestExecutionListener@56820446, org.springframework.test.context.support.DirtiesContextTestExecutionListener@2259d54f, org.springframework.test.context.transaction.TransactionalTestExecutionListener@1b82f62a, org.springframework.test.context.jdbc.SqlScriptsTestExecutionListener@67e21ea2, org.springframework.test.context.event.EventPublishingTestExecutionListener@2184962c, org.springframework.boot.test.mock.mockito.ResetMocksTestExecutionListener@4d9bccfe, org.springframework.boot.test.autoconfigure.restdocs.RestDocsTestExecutionListener@412440c1, org.springframework.boot.test.autoconfigure.web.client.MockRestServiceServerResetTestExecutionListener@36c45149, org.springframework.boot.test.autoconfigure.web.servlet.MockMvcPrintOnlyOnFailureTestExecutionListener@33f4844b, org.springframework.boot.test.autoconfigure.web.servlet.WebDriverTestExecutionListener@201b52f7, org.springframework.boot.test.autoconfigure.webservices.client.MockWebServiceServerTestExecutionListener@435a2c7d]

  .   ____          _            __ _ _
 /\\ / ___'_ __ _ _(_)_ __  __ _ \ \ \ \
( ( )\___ | '_ | '_| | '_ \/ _` | \ \ \ \
 \\/  ___)| |_)| | | | | || (_| |  ) ) ) )
  '  |____| .__|_| |_|_| |_\__, | / / / /
 =========|_|==============|___/=/_/_/_/
 :: Spring Boot ::                (v2.5.1)

2021-06-22 14:15:30.421  INFO 29642 --- [           main] com.egen.ordermanagement.RouteTest       : Starting RouteTest using Java 1.8.0_131 on Nikhils-MacBook-Pro.local with PID 29642 (started by nikhilyadav in /Users/nikhilyadav/Documents/Egen Modules/using spring intialzr/order-management)
2021-06-22 14:15:30.421  INFO 29642 --- [           main] com.egen.ordermanagement.RouteTest       : No active profile set, falling back to default profiles: default
2021-06-22 14:15:30.586  INFO 29642 --- [           main] .s.d.r.c.RepositoryConfigurationDelegate : Bootstrapping Spring Data JPA repositories in DEFAULT mode.
2021-06-22 14:15:30.607  INFO 29642 --- [           main] .s.d.r.c.RepositoryConfigurationDelegate : Finished Spring Data repository scanning in 21 ms. Found 1 JPA repository interfaces.
2021-06-22 14:15:30.717  INFO 29642 --- [           main] trationDelegate$BeanPostProcessorChecker : Bean 'org.springframework.ws.config.annotation.DelegatingWsConfiguration' of type [org.springframework.ws.config.annotation.DelegatingWsConfiguration$$EnhancerBySpringCGLIB$$c428e5be] is not eligible for getting processed by all BeanPostProcessors (for example: not eligible for auto-proxying)
2021-06-22 14:15:30.728  INFO 29642 --- [           main] .w.s.a.s.AnnotationActionEndpointMapping : Supporting [WS-Addressing August 2004, WS-Addressing 1.0]
2021-06-22 14:15:30.783  INFO 29642 --- [           main] com.zaxxer.hikari.HikariDataSource       : HikariPool-3 - Starting...
2021-06-22 14:15:30.803  INFO 29642 --- [           main] com.zaxxer.hikari.HikariDataSource       : HikariPool-3 - Start completed.
2021-06-22 14:15:30.835  INFO 29642 --- [           main] o.hibernate.jpa.internal.util.LogHelper  : HHH000204: Processing PersistenceUnitInfo [name: default]
2021-06-22 14:15:30.838  INFO 29642 --- [           main] org.hibernate.dialect.Dialect            : HHH000400: Using dialect: org.hibernate.dialect.MySQL57Dialect
Hibernate: alter table address drop foreign key FKnfn935dtm1w7m3n3vme55e9fj
Hibernate: alter table item drop foreign key FKtbipb7uob2ud46fp9qcn6jl86
Hibernate: alter table payment drop foreign key FKlouu98csyullos9k25tbpk4va
Hibernate: drop table if exists address
Hibernate: drop table if exists customer
Hibernate: drop table if exists hibernate_sequence
Hibernate: drop table if exists item
Hibernate: drop table if exists orders
Hibernate: drop table if exists payment
Hibernate: create table address (id bigint not null, address_line1 varchar(255), address_line2 varchar(255), addrs_typ varchar(255), city varchar(255), state varchar(255), zip integer, order_id bigint, primary key (id)) engine=InnoDB
Hibernate: create table customer (id bigint not null, firstname varchar(255), lastname varchar(255), primary key (id)) engine=InnoDB
Hibernate: create table hibernate_sequence (next_val bigint) engine=InnoDB
Hibernate: insert into hibernate_sequence values ( 1 )
Hibernate: create table item (id bigint not null, amount double precision, plu_id varchar(255), quantity integer, order_id bigint, primary key (id)) engine=InnoDB
Hibernate: create table orders (id bigint not null, order_creation_date datetime(6), customer_id varchar(255), delivery_type integer, is_billing_address_same bit, order_modification_date datetime(6), order_status varchar(255), sub_total double precision, tax double precision, total_amount double precision, primary key (id)) engine=InnoDB
Hibernate: create table payment (id bigint not null, paid_amount double precision, payment_mode varchar(255), order_id bigint, primary key (id)) engine=InnoDB
Hibernate: alter table address add constraint FKnfn935dtm1w7m3n3vme55e9fj foreign key (order_id) references orders (id)
Hibernate: alter table item add constraint FKtbipb7uob2ud46fp9qcn6jl86 foreign key (order_id) references orders (id)
Hibernate: alter table payment add constraint FKlouu98csyullos9k25tbpk4va foreign key (order_id) references orders (id)
2021-06-22 14:15:31.179  INFO 29642 --- [           main] o.h.e.t.j.p.i.JtaPlatformInitiator       : HHH000490: Using JtaPlatform implementation: [org.hibernate.engine.transaction.jta.platform.internal.NoJtaPlatform]
2021-06-22 14:15:31.179  INFO 29642 --- [           main] j.LocalContainerEntityManagerFactoryBean : Initialized JPA EntityManagerFactory for persistence unit 'default'
2021-06-22 14:15:31.398  WARN 29642 --- [           main] JpaBaseConfiguration$JpaWebConfiguration : spring.jpa.open-in-view is enabled by default. Therefore, database queries may be performed during view rendering. Explicitly configure spring.jpa.open-in-view to disable this warning
2021-06-22 14:15:31.998  INFO 29642 --- [           main] o.s.b.t.m.w.SpringBootMockServletContext : Initializing Spring TestDispatcherServlet ''
2021-06-22 14:15:31.998  INFO 29642 --- [           main] o.s.t.web.servlet.TestDispatcherServlet  : Initializing Servlet ''
2021-06-22 14:15:32.000  INFO 29642 --- [           main] o.s.t.web.servlet.TestDispatcherServlet  : Completed initialization in 2 ms
2021-06-22 14:15:32.011  INFO 29642 --- [           main] com.egen.ordermanagement.RouteTest       : Started RouteTest in 1.607 seconds (JVM running for 13.028)

MockHttpServletRequest:
      HTTP Method = GET
      Request URI = /api/orders
       Parameters = {}
          Headers = []
             Body = null
    Session Attrs = {}

Handler:
             Type = org.springframework.web.servlet.resource.ResourceHttpRequestHandler

Async:
    Async started = false
     Async result = null

Resolved Exception:
             Type = null

ModelAndView:
        View name = null
             View = null
            Model = null

FlashMap:
       Attributes = null

MockHttpServletResponse:
           Status = 404
    Error message = null
          Headers = [Vary:"Origin", "Access-Control-Request-Method", "Access-Control-Request-Headers"]
     Content type = null
             Body = 
    Forwarded URL = null
   Redirected URL = null
          Cookies = []
]]></system-out>
  </testcase>
</testsuite>